  {
    "timestamp": "2026-10-07T04:24:12.119771Z",
    "event_id": 1,
    "provider": "Microsoft-Windows-Sysmon",
    "computer": "WIN-TARGET-01",
    "data": {
      "RuleName": "-",
      "UtcTime": "2026-10-07 04:24:12.095",
      "ProcessGuid": "1998A503-C96C-6AC5-F601-000000001300",
      "ProcessId": 10964,
      "Image": "C:\\Program Files\\WindowsApps\\Microsoft.WindowsNotepad_11.2607.14.0_x64__8wekyb3d8bbwe\\Notepad\\Notepad.exe",
      "FileVersion": "-",
      "Description": "-",
      "Product": "-",
      "Company": "-",
      "OriginalFileName": "-",
      "CommandLine": "\"C:\\WINDOWS\\system32\\notepad.exe\" C:\\Users\\sapphros-admin\\Downloads\\BEC-Scenario-001\\Invoice_10482_Bank_Change.eml ",
      "CurrentDirectory": "C:\\WINDOWS\\system32\\",
      "User": "WIN-TARGET-01\\sapphros-admin",
      "LogonGuid": "1998A503-0364-6AC6-0D92-070000000000",
      "LogonId": "0x7920d",
      "TerminalSessionId": 1,
      "IntegrityLevel": "High",
      "Hashes": "SHA256=03745E9E21684C0E6D9FDC50D91CAA0935F4BAF50F626C11987AB7D6991D58D1,IMPHASH=291277373F6983EE05FFF2D2E7FD7868",
      "ParentProcessGuid": "1998A503-B148-6AC5-4C01-000000001300",
      "ParentProcessId": 5724,
      "ParentImage": "C:\\Windows\\System32\\WindowsPowerShell\\v1.0\\powershell.exe",
      "ParentCommandLine": "\"C:\\Windows\\System32\\WindowsPowerShell\\v1.0\\powershell.exe\" ",
      "ParentUser": "WIN-TARGET-01\\sapphros-admin"
    }
  },
  {
    "timestamp": "2026-10-07T04:24:12.240438Z",
    "event_id": 1,
    "provider": "Microsoft-Windows-Sysmon",
    "computer": "WIN-TARGET-01",
    "data": {
      "RuleName": "-",
      "UtcTime": "2026-10-07 04:24:12.237",
      "ProcessGuid": "1998A503-C96C-6AC5-F701-000000001300",
      "ProcessId": 8068,
      "Image": "C:\\Windows\\System32\\taskhostw.exe",
      "FileVersion": "10.0.26100.8328 (WinBuild.160101.0800)",
      "Description": "Host Process for Windows Tasks",
      "Product": "Microsoft\u00ae Windows\u00ae Operating System",
      "Company": "Microsoft Corporation",
      "OriginalFileName": "taskhostw.exe",
      "CommandLine": "taskhostw.exe",
      "CurrentDirectory": "C:\\WINDOWS\\system32\\",
      "User": "NT AUTHORITY\\SYSTEM",
      "LogonGuid": "1998A503-035C-6AC6-E703-000000000000",
      "LogonId": "0x3e7",
      "TerminalSessionId": 0,
      "IntegrityLevel": "System",
      "Hashes": "SHA256=EA8D441DF237FB3D3B7A27A95FDE186E19C94D58A618F5C29ED5FC13CB155E96,IMPHASH=2196268E7A2880E3ADC74481297D0C4B",
      "ParentProcessGuid": "00000000-0000-0000-0000-000000000000",
      "ParentProcessId": 1580,
      "ParentImage": "-",
      "ParentCommandLine": "-",
      "ParentUser": "-"
    }
  },
  {
    "timestamp": "2026-10-07T04:24:12.259055Z",
    "event_id": 1,
    "provider": "Microsoft-Windows-Sysmon",
    "computer": "WIN-TARGET-01",
    "data": {
      "RuleName": "-",
      "UtcTime": "2026-10-07 04:24:12.255",
      "ProcessGuid": "1998A503-C96C-6AC5-F801-000000001300",
      "ProcessId": 6016,
      "Image": "C:\\Program Files\\WindowsApps\\Microsoft.WindowsNotepad_11.2607.14.0_x64__8wekyb3d8bbwe\\Notepad\\Notepad.exe",
      "FileVersion": "-",
      "Description": "-",
      "Product": "-",
      "Company": "-",
      "OriginalFileName": "-",
      "CommandLine": "\"C:\\Program Files\\WindowsApps\\Microsoft.WindowsNotepad_11.2607.14.0_x64__8wekyb3d8bbwe\\Notepad\\Notepad.exe\" /SESSION:pF4Tage8h0y1x8ch6SU5YwFXQwA6AFwAVQBzAGUAcgBzAFwAcwBhAHAAcABoAHIAbwBzAC0AYQBkAG0AaQBuAFwARABvAHcAbgBsAG8AYQBkAHMAXABQAG8AbgBkAHUAcgBhAG4AYwBlAC0AUwBjAGUAbgBhAHIAaQBvAC0AMAAwADEAXABJAG4AdgBvAGkAYwBlAF8AMQAwADQAOAAyAF8AQgBhAG4AawBfAEMAaABhAG4AZwBlAC4AZQBtAGwAAAAAAAAAAAAAAAAAAAAAAAAAAAAAAAAAAAAAAAAAAAAAAAAAAAAAAAECAAHUKgAA1gEAADADAAAAAAAA",
      "CurrentDirectory": "C:\\WINDOWS\\system32\\",
      "User": "WIN-TARGET-01\\sapphros-admin",
      "LogonGuid": "1998A503-0364-6AC6-0D92-070000000000",
      "LogonId": "0x7920d",
      "TerminalSessionId": 1,
      "IntegrityLevel": "High",
      "Hashes": "SHA256=03745E9E21684C0E6D9FDC50D91CAA0935F4BAF50F626C11987AB7D6991D58D1,IMPHASH=291277373F6983EE05FFF2D2E7FD7868",
      "ParentProcessGuid": "1998A503-C96C-6AC5-F601-000000001300",
      "ParentProcessId": 10964,
      "ParentImage": "C:\\Program Files\\WindowsApps\\Microsoft.WindowsNotepad_11.2607.14.0_x64__8wekyb3d8bbwe\\Notepad\\Notepad.exe",
      "ParentCommandLine": "\"C:\\WINDOWS\\system32\\notepad.exe\" C:\\Users\\sapphros-admin\\Downloads\\BEC-Scenario-001\\Invoice_10482_Bank_Change.eml ",
      "ParentUser": "WIN-TARGET-01\\sapphros-admin"
    }
  },
  {
    "timestamp": "2026-10-07T04:24:12.317124Z",
    "event_id": 1,
    "provider": "Microsoft-Windows-Sysmon",
    "computer": "WIN-TARGET-01",
    "data": {
      "RuleName": "-",
      "UtcTime": "2026-10-07 04:24:12.314",
      "ProcessGuid": "1998A503-C96C-6AC5-F901-000000001300",
      "ProcessId": 4940,
      "Image": "C:\\Windows\\System32\\backgroundTaskHost.exe",
      "FileVersion": "10.0.26100.1 (WinBuild.160101.0800)",
      "Description": "Background Task Host",
      "Product": "Microsoft\u00ae Windows\u00ae Operating System",
      "Company": "Microsoft Corporation",
      "OriginalFileName": "backgroundTaskHost.exe",
      "CommandLine": "\"C:\\WINDOWS\\system32\\backgroundTaskHost.exe\" -ServerName:App.AppXmtcan0h2tfbfy7k9kn8hbxb6dmzz1zh0.mca",
      "CurrentDirectory": "C:\\Windows\\SystemApps\\Microsoft.Windows.ContentDeliveryManager_cw5n1h2txyewy\\",
      "User": "WIN-TARGET-01\\sapphros-admin",
      "LogonGuid": "1998A503-0364-6AC6-4F92-070000000000",
      "LogonId": "0x7924f",
      "TerminalSessionId": 1,
      "IntegrityLevel": "AppContainer",
      "Hashes": "SHA256=B7D2C17E0038945AA4B72AE7A89E54D29B04CCC0FEB62DF5C9B7B67DE43C2530,IMPHASH=DC601E2593053A84A6989DE251407AA7",
      "ParentProcessGuid": "00000000-0000-0000-0000-000000000000",
      "ParentProcessId": 312,
      "ParentImage": "-",
      "ParentCommandLine": "-",
      "ParentUser": "-"
    }
  },
  {
    "timestamp": "2026-10-07T04:24:12.930402Z",
    "event_id": 12,
    "provider": "Microsoft-Windows-Sysmon",
    "computer": "WIN-TARGET-01",
    "data": {
      "RuleName": "persistence-services",
      "EventType": "CreateKey",
      "UtcTime": "2026-10-07 04:24:12.909",
      "ProcessGuid": "1998A503-0359-6AC6-EB03-000000000000",
      "ProcessId": 4,
      "Image": "System",
      "TargetObject": "HKLM\\System\\CurrentControlSet\\Services\\bam\\State\\UserSettings\\S-1-5-21-2620636624-428462497-3851630612-1001",
      "User": "NT AUTHORITY\\SYSTEM"
    }
  },
  {
    "timestamp": "2026-10-07T04:24:12.930464Z",
    "event_id": 13,
    "provider": "Microsoft-Windows-Sysmon",
    "computer": "WIN-TARGET-01",
    "data": {
      "RuleName": "persistence-services",
      "EventType": "SetValue",
      "UtcTime": "2026-10-07 04:24:12.909",
      "ProcessGuid": "1998A503-0359-6AC6-EB03-000000000000",
      "ProcessId": 4,
      "Image": "System",
      "TargetObject": "HKLM\\System\\CurrentControlSet\\Services\\bam\\State\\UserSettings\\S-1-5-21-2620636624-428462497-3851630612-1001\\Microsoft.WindowsNotepad_8wekyb3d8bbwe",
      "Details": "Binary Data",
      "User": "NT AUTHORITY\\SYSTEM"
    }
  },
  {
    "timestamp": "2026-10-07T04:24:12.930509Z",
    "event_id": 13,
    "provider": "Microsoft-Windows-Sysmon",
    "computer": "WIN-TARGET-01",
    "data": {
      "RuleName": "persistence-services",
      "EventType": "SetValue",
      "UtcTime": "2026-10-07 04:24:12.909",
      "ProcessGuid": "1998A503-0359-6AC6-EB03-000000000000",
      "ProcessId": 4,
      "Image": "System",
      "TargetObject": "HKLM\\System\\CurrentControlSet\\Services\\bam\\State\\UserSettings\\S-1-5-21-2620636624-428462497-3851630612-1001\\SequenceNumber",
      "Details": "DWORD (0x0000000f)",
      "User": "NT AUTHORITY\\SYSTEM"
    }
  },
  {
    "timestamp": "2026-10-07T04:24:13.092138Z",
    "event_id": 1,
    "provider": "Microsoft-Windows-Sysmon",
    "computer": "WIN-TARGET-01",
    "data": {
      "RuleName": "-",
      "UtcTime": "2026-10-07 04:24:13.087",
      "ProcessGuid": "1998A503-C96D-6AC5-FA01-000000001300",
      "ProcessId": 6736,
      "Image": "C:\\Windows\\System32\\dllhost.exe",
      "FileVersion": "10.0.26100.9278 (WinBuild.160101.0800)",
      "Description": "COM Surrogate",
      "Product": "Microsoft\u00ae Windows\u00ae Operating System",
      "Company": "Microsoft Corporation",
      "OriginalFileName": "dllhost.exe",
      "CommandLine": "C:\\WINDOWS\\system32\\DllHost.exe /Processid:{AB8902B4-09CA-4BB6-B78D-A8F59079A8D5}",
      "CurrentDirectory": "C:\\WINDOWS\\system32\\",
      "User": "WIN-TARGET-01\\sapphros-admin",
      "LogonGuid": "1998A503-0364-6AC6-4F92-070000000000",
      "LogonId": "0x7924f",
      "TerminalSessionId": 1,
      "IntegrityLevel": "Medium",
      "Hashes": "SHA256=B154C30F8B2D3E41E58D1BCCD5916559A4DF11363E2325963C8641363A703F76,IMPHASH=8838E793D912DCA700DAEC2089A09E63",
      "ParentProcessGuid": "00000000-0000-0000-0000-000000000000",
      "ParentProcessId": 312,
      "ParentImage": "-",
      "ParentCommandLine": "-",
      "ParentUser": "-"
    }
  },
  {
    "timestamp": "2026-10-07T04:24:13.302658Z",
    "event_id": 11,
    "provider": "Microsoft-Windows-Sysmon",
    "computer": "WIN-TARGET-01",
    "data": {
      "RuleName": "staging-programdata",
      "UtcTime": "2026-10-07 04:24:13.297",
      "ProcessGuid": "1998A503-035F-6AC6-4700-000000001300",
      "ProcessId": 3544,
      "Image": "C:\\WINDOWS\\System32\\svchost.exe",
      "TargetFilename": "C:\\ProgramData\\Microsoft\\Diagnosis\\AggregatorStorage\\Triggers\\13894422788741241675_trigger.dat",
      "CreationUtcTime": "2026-10-07 04:24:13.297",
      "User": "NT AUTHORITY\\SYSTEM"
    }
  },
  {
    "timestamp": "2026-10-07T04:24:13.303833Z",
    "event_id": 11,
    "provider": "Microsoft-Windows-Sysmon",
    "computer": "WIN-TARGET-01",
    "data": {
      "RuleName": "staging-programdata",
      "UtcTime": "2026-10-07 04:24:13.297",
      "ProcessGuid": "1998A503-035F-6AC6-4700-000000001300",
      "ProcessId": 3544,
      "Image": "C:\\WINDOWS\\System32\\svchost.exe",
      "TargetFilename": "C:\\ProgramData\\Microsoft\\Diagnosis\\AggregatorStorage\\Triggers\\13894422788741241675_data.dat",
      "CreationUtcTime": "2026-10-07 04:24:13.297",
      "User": "NT AUTHORITY\\SYSTEM"
    }
  },
  {
    "timestamp": "2026-10-07T04:24:13.436444Z",
    "event_id": 5,
    "provider": "Microsoft-Windows-Sysmon",
    "computer": "WIN-TARGET-01",
    "data": {
      "RuleName": "-",
      "UtcTime": "2026-10-07 04:24:13.435",
      "ProcessGuid": "1998A503-C96C-6AC5-F701-000000001300",
      "ProcessId": 8068,
      "Image": "C:\\Windows\\System32\\taskhostw.exe",
      "User": "NT AUTHORITY\\SYSTEM"
    }
  },
  {
    "timestamp": "2026-10-07T04:24:13.570807Z",
    "event_id": 5,
    "provider": "Microsoft-Windows-Sysmon",
    "computer": "WIN-TARGET-01",
    "data": {
      "RuleName": "-",
      "UtcTime": "2026-10-07 04:24:13.570",
      "ProcessGuid": "1998A503-C96C-6AC5-F901-000000001300",
      "ProcessId": 4940,
      "Image": "C:\\Windows\\System32\\backgroundTaskHost.exe",
      "User": "WIN-TARGET-01\\sapphros-admin"
    }
  },
  {
    "timestamp": "2026-10-07T04:24:18.346494Z",
    "event_id": 5,
    "provider": "Microsoft-Windows-Sysmon",
    "computer": "WIN-TARGET-01",
    "data": {
      "RuleName": "-",
      "UtcTime": "2026-10-07 04:24:18.345",
      "ProcessGuid": "1998A503-C96D-6AC5-FA01-000000001300",
      "ProcessId": 6736,
      "Image": "C:\\Windows\\System32\\dllhost.exe",
      "User": "WIN-TARGET-01\\sapphros-admin"
    }
  },
  {
    "timestamp": "2026-10-07T04:24:20.527012Z",
    "event_id": 5,
    "provider": "Microsoft-Windows-Sysmon",
    "computer": "WIN-TARGET-01",
    "data": {
      "RuleName": "-",
      "UtcTime": "2026-10-07 04:24:20.518",
      "ProcessGuid": "1998A503-C96C-6AC5-F601-000000001300",
      "ProcessId": 10964,
      "Image": "C:\\Program Files\\WindowsApps\\Microsoft.WindowsNotepad_11.2607.14.0_x64__8wekyb3d8bbwe\\Notepad\\Notepad.exe",
      "User": "WIN-TARGET-01\\sapphros-admin"
    }
  },
  {
    "timestamp": "2026-10-07T04:24:20.527096Z",
    "event_id": 13,
    "provider": "Microsoft-Windows-Sysmon",
    "computer": "WIN-TARGET-01",
    "data": {
      "RuleName": "persistence-services",
      "EventType": "SetValue",
      "UtcTime": "2026-10-07 04:24:20.518",
      "ProcessGuid": "1998A503-C96C-6AC5-F601-000000001300",
      "ProcessId": 10964,
      "Image": "C:\\Program Files\\WindowsApps\\Microsoft.WindowsNotepad_11.2607.14.0_x64__8wekyb3d8bbwe\\Notepad\\Notepad.exe",
      "TargetObject": "HKLM\\System\\CurrentControlSet\\Services\\bam\\State\\UserSettings\\S-1-5-21-2620636624-428462497-3851630612-1001\\Microsoft.WindowsNotepad_8wekyb3d8bbwe",
      "Details": "Binary Data",
      "User": "WIN-TARGET-01\\sapphros-admin"
    }
  },
  {
    "timestamp": "2026-10-07T04:24:20.620339Z",
    "event_id": 5,
    "provider": "Microsoft-Windows-Sysmon",
    "computer": "WIN-TARGET-01",
    "data": {
      "RuleName": "-",
      "UtcTime": "2026-10-07 04:24:20.618",
      "ProcessGuid": "1998A503-C96C-6AC5-F801-000000001300",
      "ProcessId": 6016,
      "Image": "C:\\Program Files\\WindowsApps\\Microsoft.WindowsNotepad_11.2607.14.0_x64__8wekyb3d8bbwe\\Notepad\\Notepad.exe",
      "User": "WIN-TARGET-01\\sapphros-admin"
    }
  },
  {
    "timestamp": "2026-10-07T04:24:20.620895Z",
    "event_id": 13,
    "provider": "Microsoft-Windows-Sysmon",
    "computer": "WIN-TARGET-01",
    "data": {
      "RuleName": "persistence-services",
      "EventType": "SetValue",
      "UtcTime": "2026-10-07 04:24:20.620",
      "ProcessGuid": "1998A503-C96C-6AC5-F801-000000001300",
      "ProcessId": 6016,
      "Image": "C:\\Program Files\\WindowsApps\\Microsoft.WindowsNotepad_11.2607.14.0_x64__8wekyb3d8bbwe\\Notepad\\Notepad.exe",
      "TargetObject": "HKLM\\System\\CurrentControlSet\\Services\\bam\\State\\UserSettings\\S-1-5-21-2620636624-428462497-3851630612-1001\\Microsoft.WindowsNotepad_8wekyb3d8bbwe",
      "Details": "Binary Data",
      "User": "WIN-TARGET-01\\sapphros-admin"
    }
  },
  {
    "timestamp": "2026-10-07T04:24:31.388423Z",
    "event_id": 13,
    "provider": "Microsoft-Windows-Sysmon",
    "computer": "WIN-TARGET-01",
    "data": {
      "RuleName": "persistence-services",
      "EventType": "SetValue",
      "UtcTime": "2026-10-07 04:24:31.382",
      "ProcessGuid": "1998A503-035E-6AC6-3200-000000001300",
      "ProcessId": 2376,
      "Image": "C:\\WINDOWS\\system32\\svchost.exe",
      "TargetObject": "HKLM\\System\\CurrentControlSet\\Services\\Tcpip\\Parameters\\Interfaces\\{8dd11141-dd20-4c36-989e-1eb9117ba44f}\\DhcpInterfaceOptions",
      "Details": "Binary Data",
      "User": "NT AUTHORITY\\LOCAL SERVICE"
    }
  },
  {
    "timestamp": "2026-10-07T04:24:31.388724Z",
    "event_id": 13,
    "provider": "Microsoft-Windows-Sysmon",
    "computer": "WIN-TARGET-01",
    "data": {
      "RuleName": "persistence-services",
      "EventType": "SetValue",
      "UtcTime": "2026-10-07 04:24:31.384",
      "ProcessGuid": "1998A503-035E-6AC6-3200-000000001300",
      "ProcessId": 2376,
      "Image": "C:\\WINDOWS\\system32\\svchost.exe",
      "TargetObject": "HKLM\\System\\CurrentControlSet\\Services\\Tcpip\\Parameters\\Interfaces\\{8dd11141-dd20-4c36-989e-1eb9117ba44f}\\DhcpIPAddress",
      "Details": "192.168.122.175",
      "User": "NT AUTHORITY\\LOCAL SERVICE"
    }
  },
  {
    "timestamp": "2026-10-07T04:24:31.388841Z",
    "event_id": 13,
    "provider": "Microsoft-Windows-Sysmon",
    "computer": "WIN-TARGET-01",
    "data": {
      "RuleName": "persistence-services",
      "EventType": "SetValue",
      "UtcTime": "2026-10-07 04:24:31.384",
      "ProcessGuid": "1998A503-035E-6AC6-3200-000000001300",
      "ProcessId": 2376,
      "Image": "C:\\WINDOWS\\system32\\svchost.exe",
      "TargetObject": "HKLM\\System\\CurrentControlSet\\Services\\Tcpip\\Parameters\\Interfaces\\{8dd11141-dd20-4c36-989e-1eb9117ba44f}\\DhcpSubnetMask",
      "Details": "255.255.255.0",
      "User": "NT AUTHORITY\\LOCAL SERVICE"
    }
  },
  {
    "timestamp": "2026-10-07T04:24:31.388917Z",
    "event_id": 13,
    "provider": "Microsoft-Windows-Sysmon",
    "computer": "WIN-TARGET-01",
    "data": {
      "RuleName": "persistence-services",
      "EventType": "SetValue",
      "UtcTime": "2026-10-07 04:24:31.384",
      "ProcessGuid": "1998A503-035E-6AC6-3200-000000001300",
      "ProcessId": 2376,
      "Image": "C:\\WINDOWS\\system32\\svchost.exe",
      "TargetObject": "HKLM\\System\\CurrentControlSet\\Services\\Tcpip\\Parameters\\Interfaces\\{8dd11141-dd20-4c36-989e-1eb9117ba44f}\\DhcpServer",
      "Details": "192.168.122.1",
      "User": "NT AUTHORITY\\LOCAL SERVICE"
    }
  },
  {
    "timestamp": "2026-10-07T04:24:31.391886Z",
    "event_id": 13,
    "provider": "Microsoft-Windows-Sysmon",
    "computer": "WIN-TARGET-01",
    "data": {
      "RuleName": "persistence-services",
      "EventType": "SetValue",
      "UtcTime": "2026-10-07 04:24:31.384",
      "ProcessGuid": "1998A503-035E-6AC6-3200-000000001300",
      "ProcessId": 2376,
      "Image": "C:\\WINDOWS\\system32\\svchost.exe",
      "TargetObject": "HKLM\\System\\CurrentControlSet\\Services\\Tcpip\\Parameters\\Interfaces\\{8dd11141-dd20-4c36-989e-1eb9117ba44f}\\Lease",
      "Details": "DWORD (0x00000e10)",
      "User": "NT AUTHORITY\\LOCAL SERVICE"
    }
  },
  {
    "timestamp": "2026-10-07T04:24:31.393181Z",
    "event_id": 13,
    "provider": "Microsoft-Windows-Sysmon",
    "computer": "WIN-TARGET-01",
    "data": {
      "RuleName": "persistence-services",
      "EventType": "SetValue",
      "UtcTime": "2026-10-07 04:24:31.384",
      "ProcessGuid": "1998A503-035E-6AC6-3200-000000001300",
      "ProcessId": 2376,
      "Image": "C:\\WINDOWS\\system32\\svchost.exe",
      "TargetObject": "HKLM\\System\\CurrentControlSet\\Services\\Tcpip\\Parameters\\Interfaces\\{8dd11141-dd20-4c36-989e-1eb9117ba44f}\\LeaseObtainedTime",
      "Details": "DWORD (0x6ac5c97f)",
      "User": "NT AUTHORITY\\LOCAL SERVICE"
    }
  },
  {
    "timestamp": "2026-10-07T04:24:31.393378Z",
    "event_id": 13,
    "provider": "Microsoft-Windows-Sysmon",
    "computer": "WIN-TARGET-01",
    "data": {
      "RuleName": "persistence-services",
      "EventType": "SetValue",
      "UtcTime": "2026-10-07 04:24:31.384",
      "ProcessGuid": "1998A503-035E-6AC6-3200-000000001300",
      "ProcessId": 2376,
      "Image": "C:\\WINDOWS\\system32\\svchost.exe",
      "TargetObject": "HKLM\\System\\CurrentControlSet\\Services\\Tcpip\\Parameters\\Interfaces\\{8dd11141-dd20-4c36-989e-1eb9117ba44f}\\T1",
      "Details": "DWORD (0x6ac5d011)",
      "User": "NT AUTHORITY\\LOCAL SERVICE"
    }
  },
  {
    "timestamp": "2026-10-07T04:24:31.393471Z",
    "event_id": 13,
    "provider": "Microsoft-Windows-Sysmon",
    "computer": "WIN-TARGET-01",
    "data": {
      "RuleName": "persistence-services",
      "EventType": "SetValue",
      "UtcTime": "2026-10-07 04:24:31.384",
      "ProcessGuid": "1998A503-035E-6AC6-3200-000000001300",
      "ProcessId": 2376,
      "Image": "C:\\WINDOWS\\system32\\svchost.exe",
      "TargetObject": "HKLM\\System\\CurrentControlSet\\Services\\Tcpip\\Parameters\\Interfaces\\{8dd11141-dd20-4c36-989e-1eb9117ba44f}\\T2",
      "Details": "DWORD (0x6ac5d557)",
      "User": "NT AUTHORITY\\LOCAL SERVICE"
    }
  },
  {
    "timestamp": "2026-10-07T04:24:31.393738Z",
    "event_id": 13,
    "provider": "Microsoft-Windows-Sysmon",
    "computer": "WIN-TARGET-01",
    "data": {
      "RuleName": "persistence-services",
      "EventType": "SetValue",
      "UtcTime": "2026-10-07 04:24:31.384",
      "ProcessGuid": "1998A503-035E-6AC6-3200-000000001300",
      "ProcessId": 2376,
      "Image": "C:\\WINDOWS\\system32\\svchost.exe",
      "TargetObject": "HKLM\\System\\CurrentControlSet\\Services\\Tcpip\\Parameters\\Interfaces\\{8dd11141-dd20-4c36-989e-1eb9117ba44f}\\LeaseTerminatesTime",
      "Details": "DWORD (0x6ac5d78f)",
      "User": "NT AUTHORITY\\LOCAL SERVICE"
    }
  },
  {
    "timestamp": "2026-10-07T04:24:31.393818Z",
    "event_id": 13,
    "provider": "Microsoft-Windows-Sysmon",
    "computer": "WIN-TARGET-01",
    "data": {
      "RuleName": "persistence-services",
      "EventType": "SetValue",
      "UtcTime": "2026-10-07 04:24:31.384",
      "ProcessGuid": "1998A503-035E-6AC6-3200-000000001300",
      "ProcessId": 2376,
      "Image": "C:\\WINDOWS\\system32\\svchost.exe",
      "TargetObject": "HKLM\\System\\CurrentControlSet\\Services\\Tcpip\\Parameters\\Interfaces\\{8dd11141-dd20-4c36-989e-1eb9117ba44f}\\AddressType",
      "Details": "DWORD (0x00000000)",
      "User": "NT AUTHORITY\\LOCAL SERVICE"
    }
  },
  {
    "timestamp": "2026-10-07T04:24:31.393896Z",
    "event_id": 13,
    "provider": "Microsoft-Windows-Sysmon",
    "computer": "WIN-TARGET-01",
    "data": {
      "RuleName": "persistence-services",
      "EventType": "SetValue",
      "UtcTime": "2026-10-07 04:24:31.384",
      "ProcessGuid": "1998A503-035E-6AC6-3200-000000001300",
      "ProcessId": 2376,
      "Image": "C:\\WINDOWS\\system32\\svchost.exe",
      "TargetObject": "HKLM\\System\\CurrentControlSet\\Services\\Tcpip\\Parameters\\Interfaces\\{8dd11141-dd20-4c36-989e-1eb9117ba44f}\\IsServerNapAware",
      "Details": "DWORD (0x00000000)",
      "User": "NT AUTHORITY\\LOCAL SERVICE"
    }
  },
  {
    "timestamp": "2026-10-07T04:24:31.393966Z",
    "event_id": 13,
    "provider": "Microsoft-Windows-Sysmon",
    "computer": "WIN-TARGET-01",
    "data": {
      "RuleName": "persistence-services",
      "EventType": "SetValue",
      "UtcTime": "2026-10-07 04:24:31.384",
      "ProcessGuid": "1998A503-035E-6AC6-3200-000000001300",
      "ProcessId": 2376,
      "Image": "C:\\WINDOWS\\system32\\svchost.exe",
      "TargetObject": "HKLM\\System\\CurrentControlSet\\Services\\Tcpip\\Parameters\\Interfaces\\{8dd11141-dd20-4c36-989e-1eb9117ba44f}\\DhcpConnForceBroadcastFlag",
      "Details": "DWORD (0x00000000)",
      "User": "NT AUTHORITY\\LOCAL SERVICE"
    }
  },
  {
    "timestamp": "2026-10-07T04:24:31.394036Z",
    "event_id": 12,
    "provider": "Microsoft-Windows-Sysmon",
    "computer": "WIN-TARGET-01",
    "data": {
      "RuleName": "persistence-services",
      "EventType": "CreateKey",
      "UtcTime": "2026-10-07 04:24:31.384",
      "ProcessGuid": "1998A503-035E-6AC6-3200-000000001300",
      "ProcessId": 2376,
      "Image": "C:\\WINDOWS\\system32\\svchost.exe",
      "TargetObject": "HKLM\\System\\CurrentControlSet\\Services\\NetBT",
      "User": "NT AUTHORITY\\LOCAL SERVICE"
    }
  },
  {
    "timestamp": "2026-10-07T04:24:31.394109Z",
    "event_id": 12,
    "provider": "Microsoft-Windows-Sysmon",
    "computer": "WIN-TARGET-01",
    "data": {
      "RuleName": "persistence-services",
      "EventType": "CreateKey",
      "UtcTime": "2026-10-07 04:24:31.384",
      "ProcessGuid": "1998A503-035E-6AC6-3200-000000001300",
      "ProcessId": 2376,
      "Image": "C:\\WINDOWS\\system32\\svchost.exe",
      "TargetObject": "HKLM\\System\\CurrentControlSet\\Services\\NetBT",
      "User": "NT AUTHORITY\\LOCAL SERVICE"
    }
  },
  {
    "timestamp": "2026-10-07T04:24:31.395389Z",
    "event_id": 12,
    "provider": "Microsoft-Windows-Sysmon",
    "computer": "WIN-TARGET-01",
    "data": {
      "RuleName": "persistence-services",
      "EventType": "CreateKey",
      "UtcTime": "2026-10-07 04:24:31.388",
      "ProcessGuid": "1998A503-035E-6AC6-2D00-000000001300",
      "ProcessId": 2136,
      "Image": "C:\\WINDOWS\\system32\\svchost.exe",
      "TargetObject": "HKLM\\System\\CurrentControlSet\\Services\\Tcpip\\Parameters",
      "User": "NT AUTHORITY\\NETWORK SERVICE"
    }
  },
  {
    "timestamp": "2026-10-07T04:24:31.395503Z",
    "event_id": 12,
    "provider": "Microsoft-Windows-Sysmon",
    "computer": "WIN-TARGET-01",
    "data": {
      "RuleName": "persistence-services",
      "EventType": "CreateKey",
      "UtcTime": "2026-10-07 04:24:31.388",
      "ProcessGuid": "1998A503-035E-6AC6-2D00-000000001300",
      "ProcessId": 2136,
      "Image": "C:\\WINDOWS\\system32\\svchost.exe",
      "TargetObject": "HKLM\\System\\CurrentControlSet\\Services\\Tcpip\\Parameters",
      "User": "NT AUTHORITY\\NETWORK SERVICE"
    }
  },
  {
    "timestamp": "2026-10-07T04:24:31.395574Z",
    "event_id": 12,
    "provider": "Microsoft-Windows-Sysmon",
    "computer": "WIN-TARGET-01",
    "data": {
      "RuleName": "persistence-services",
      "EventType": "CreateKey",
      "UtcTime": "2026-10-07 04:24:31.390",
      "ProcessGuid": "1998A503-035E-6AC6-2D00-000000001300",
      "ProcessId": 2136,
      "Image": "C:\\WINDOWS\\system32\\svchost.exe",
      "TargetObject": "HKLM\\System\\CurrentControlSet\\Services\\Tcpip\\Parameters",
      "User": "NT AUTHORITY\\NETWORK SERVICE"
    }
  },
  {
    "timestamp": "2026-10-07T04:24:31.398683Z",
    "event_id": 12,
    "provider": "Microsoft-Windows-Sysmon",
    "computer": "WIN-TARGET-01",
    "data": {
      "RuleName": "persistence-services",
      "EventType": "CreateKey",
      "UtcTime": "2026-10-07 04:24:31.396",
      "ProcessGuid": "1998A503-035E-6AC6-2D00-000000001300",
      "ProcessId": 2136,
      "Image": "C:\\WINDOWS\\system32\\svchost.exe",
      "TargetObject": "HKLM\\System\\CurrentControlSet\\Services\\Tcpip\\Parameters",
      "User": "NT AUTHORITY\\NETWORK SERVICE"
    }
  },
  {
    "timestamp": "2026-10-07T04:24:31.402382Z",
    "event_id": 12,
    "provider": "Microsoft-Windows-Sysmon",
    "computer": "WIN-TARGET-01",
    "data": {
      "RuleName": "persistence-services",
      "EventType": "CreateKey",
      "UtcTime": "2026-10-07 04:24:31.400",
      "ProcessGuid": "1998A503-035E-6AC6-2D00-000000001300",
      "ProcessId": 2136,
      "Image": "C:\\WINDOWS\\system32\\svchost.exe",
      "TargetObject": "HKLM\\System\\CurrentControlSet\\Services\\Tcpip\\Parameters",
      "User": "NT AUTHORITY\\NETWORK SERVICE"
    }
  },
  {
    "timestamp": "2026-10-07T04:24:32.448281Z",
    "event_id": 3,
    "provider": "Microsoft-Windows-Sysmon",
    "computer": "WIN-TARGET-01",
    "data": {
      "RuleName": "-",
      "UtcTime": "2026-10-07 10:24:30.162",
      "ProcessGuid": "1998A503-035E-6AC6-3200-000000001300",
      "ProcessId": 2376,
      "Image": "C:\\Windows\\System32\\svchost.exe",
      "User": "NT AUTHORITY\\LOCAL SERVICE",
      "Protocol": "udp",
      "Initiated": true,
      "SourceIsIpv6": false,
      "SourceIp": "192.168.122.175",
      "SourceHostname": "-",
      "SourcePort": 68,
      "SourcePortName": "-",
      "DestinationIsIpv6": false,
      "DestinationIp": "192.168.122.1",
      "DestinationHostname": "-",
      "DestinationPort": 67,
      "DestinationPortName": "-"
    }
  },
  {
    "timestamp": "2026-10-07T04:24:32.448318Z",
    "event_id": 3,
    "provider": "Microsoft-Windows-Sysmon",
    "computer": "WIN-TARGET-01",
    "data": {
      "RuleName": "-",
      "UtcTime": "2026-10-07 10:24:30.183",
      "ProcessGuid": "1998A503-035E-6AC6-2D00-000000001300",
      "ProcessId": 2136,
      "Image": "C:\\Windows\\System32\\svchost.exe",
      "User": "NT AUTHORITY\\NETWORK SERVICE",
      "Protocol": "udp",
      "Initiated": true,
      "SourceIsIpv6": true,
      "SourceIp": "fe80:0:0:0:e6ce:33b6:d62c:a84d",
      "SourceHostname": "-",
      "SourcePort": 64995,
      "SourcePortName": "-",
      "DestinationIsIpv6": true,
      "DestinationIp": "ff02:0:0:0:0:0:1:3",
      "DestinationHostname": "-",
      "DestinationPort": 5355,
      "DestinationPortName": "-"
    }
  },
  {
    "timestamp": "2026-10-07T04:24:32.448331Z",
    "event_id": 3,
    "provider": "Microsoft-Windows-Sysmon",
    "computer": "WIN-TARGET-01",
    "data": {
      "RuleName": "-",
      "UtcTime": "2026-10-07 10:24:30.183",
      "ProcessGuid": "1998A503-035E-6AC6-2D00-000000001300",
      "ProcessId": 2136,
      "Image": "C:\\Windows\\System32\\svchost.exe",
      "User": "NT AUTHORITY\\NETWORK SERVICE",
      "Protocol": "udp",
      "Initiated": true,
      "SourceIsIpv6": false,
      "SourceIp": "192.168.122.175",
      "SourceHostname": "-",
      "SourcePort": 64995,
      "SourcePortName": "-",
      "DestinationIsIpv6": false,
      "DestinationIp": "224.0.0.252",
      "DestinationHostname": "-",
      "DestinationPort": 5355,
      "DestinationPortName": "-"
    }
  },
  {
    "timestamp": "2026-10-07T04:24:33.408245Z",
    "event_id": 22,
    "provider": "Microsoft-Windows-Sysmon",
    "computer": "WIN-TARGET-01",
    "data": {
      "RuleName": "-",
      "UtcTime": "2026-10-07 10:24:31.023",
      "ProcessGuid": "1998A503-035E-6AC6-2D00-000000001300",
      "ProcessId": 2136,
      "QueryName": "WIN-TARGET-01",
      "QueryStatus": "1460",
      "QueryResults": "-",
      "Image": "C:\\Windows\\System32\\svchost.exe",
      "User": "NT AUTHORITY\\NETWORK SERVICE"
    }
  },
  {
    "timestamp": "2026-10-07T04:24:33.472169Z",
    "event_id": 3,
    "provider": "Microsoft-Windows-Sysmon",
    "computer": "WIN-TARGET-01",
    "data": {
      "RuleName": "-",
      "UtcTime": "2026-10-07 10:24:30.606",
      "ProcessGuid": "1998A503-035E-6AC6-2D00-000000001300",
      "ProcessId": 2136,
      "Image": "C:\\Windows\\System32\\svchost.exe",
      "User": "NT AUTHORITY\\NETWORK SERVICE",
      "Protocol": "udp",
      "Initiated": true,
      "SourceIsIpv6": true,
      "SourceIp": "fe80:0:0:0:e6ce:33b6:d62c:a84d",
      "SourceHostname": "-",
      "SourcePort": 64995,
      "SourcePortName": "-",
      "DestinationIsIpv6": true,
      "DestinationIp": "ff02:0:0:0:0:0:1:3",
      "DestinationHostname": "-",
      "DestinationPort": 5355,
      "DestinationPortName": "-"
    }
  },
  {
    "timestamp": "2026-10-07T04:24:36.385718Z",
    "event_id": 13,
    "provider": "Microsoft-Windows-Sysmon",
    "computer": "WIN-TARGET-01",
    "data": {
      "RuleName": "persistence-services",
      "EventType": "SetValue",
      "UtcTime": "2026-10-07 04:24:36.383",
      "ProcessGuid": "1998A503-B148-6AC5-4C01-000000001300",
      "ProcessId": 5724,
      "Image": "C:\\Windows\\System32\\WindowsPowerShell\\v1.0\\powershell.exe",
      "TargetObject": "HKLM\\System\\CurrentControlSet\\Services\\bam\\State\\UserSettings\\S-1-5-21-2620636624-428462497-3851630612-1001\\Microsoft.WindowsNotepad_8wekyb3d8bbwe",
      "Details": "Binary Data",
      "User": "WIN-TARGET-01\\sapphros-admin"
    }
  },
  {
    "timestamp": "2026-10-07T04:24:36.386285Z",
    "event_id": 1,
    "provider": "Microsoft-Windows-Sysmon",
    "computer": "WIN-TARGET-01",
    "data": {
      "RuleName": "-",
      "UtcTime": "2026-10-07 04:24:36.381",
      "ProcessGuid": "1998A503-C984-6AC5-FB01-000000001300",
      "ProcessId": 9168,
      "Image": "C:\\Program Files\\WindowsApps\\Microsoft.WindowsNotepad_11.2607.14.0_x64__8wekyb3d8bbwe\\Notepad\\Notepad.exe",
      "FileVersion": "-",
      "Description": "-",
      "Product": "-",
      "Company": "-",
      "OriginalFileName": "-",
      "CommandLine": "\"C:\\WINDOWS\\system32\\notepad.exe\" C:\\Users\\sapphros-admin\\Downloads\\BEC-Scenario-001\\Northstar_ACH_Update.txt ",
      "CurrentDirectory": "C:\\WINDOWS\\system32\\",
      "User": "WIN-TARGET-01\\sapphros-admin",
      "LogonGuid": "1998A503-0364-6AC6-0D92-070000000000",
      "LogonId": "0x7920d",
      "TerminalSessionId": 1,
      "IntegrityLevel": "High",
      "Hashes": "SHA256=03745E9E21684C0E6D9FDC50D91CAA0935F4BAF50F626C11987AB7D6991D58D1,IMPHASH=291277373F6983EE05FFF2D2E7FD7868",
      "ParentProcessGuid": "1998A503-B148-6AC5-4C01-000000001300",
      "ParentProcessId": 5724,
      "ParentImage": "C:\\Windows\\System32\\WindowsPowerShell\\v1.0\\powershell.exe",
      "ParentCommandLine": "\"C:\\Windows\\System32\\WindowsPowerShell\\v1.0\\powershell.exe\" ",
      "ParentUser": "WIN-TARGET-01\\sapphros-admin"
    }
  },
  {
    "timestamp": "2026-10-07T04:24:36.452641Z",
    "event_id": 13,
    "provider": "Microsoft-Windows-Sysmon",
    "computer": "WIN-TARGET-01",
    "data": {
      "RuleName": "persistence-services",
      "EventType": "SetValue",
      "UtcTime": "2026-10-07 04:24:36.450",
      "ProcessGuid": "1998A503-C984-6AC5-FB01-000000001300",
      "ProcessId": 9168,
      "Image": "C:\\Program Files\\WindowsApps\\Microsoft.WindowsNotepad_11.2607.14.0_x64__8wekyb3d8bbwe\\Notepad\\Notepad.exe",
      "TargetObject": "HKLM\\System\\CurrentControlSet\\Services\\bam\\State\\UserSettings\\S-1-5-21-2620636624-428462497-3851630612-1001\\Microsoft.WindowsNotepad_8wekyb3d8bbwe",
      "Details": "Binary Data",
      "User": "WIN-TARGET-01\\sapphros-admin"
    }
  },
  {
    "timestamp": "2026-10-07T04:24:36.453208Z",
    "event_id": 1,
    "provider": "Microsoft-Windows-Sysmon",
    "computer": "WIN-TARGET-01",
    "data": {
      "RuleName": "-",
      "UtcTime": "2026-10-07 04:24:36.449",
      "ProcessGuid": "1998A503-C984-6AC5-FC01-000000001300",
      "ProcessId": 3268,
      "Image": "C:\\Program Files\\WindowsApps\\Microsoft.WindowsNotepad_11.2607.14.0_x64__8wekyb3d8bbwe\\Notepad\\Notepad.exe",
      "FileVersion": "-",
      "Description": "-",
      "Product": "-",
      "Company": "-",
      "OriginalFileName": "-",
      "CommandLine": "\"C:\\Program Files\\WindowsApps\\Microsoft.WindowsNotepad_11.2607.14.0_x64__8wekyb3d8bbwe\\Notepad\\Notepad.exe\" /SESSION:fg+9HE3HQ0aFZyKS4bb1BwFSQwA6AFwAVQBzAGUAcgBzAFwAcwBhAHAAcABoAHIAbwBzAC0AYQBkAG0AaQBuAFwARABvAHcAbgBsAG8AYQBkAHMAXABQAG8AbgBkAHUAcgBhAG4AYwBlAC0AUwBjAGUAbgBhAHIAaQBvAC0AMAAwADEAXABOAG8AcgB0AGgAcwB0AGEAcgBfAEEAQwBIAF8AVQBwAGQAYQB0AGUALgB0AHgAdAAAAAAAAAAAAAAAAAAAAAAAAAAAAAAAAAAAAAAAAAAAAAAAAAAAAAAAAQIAAdAjAABbAQAArAAAAAAAAAA=",
      "CurrentDirectory": "C:\\WINDOWS\\system32\\",
      "User": "WIN-TARGET-01\\sapphros-admin",
      "LogonGuid": "1998A503-0364-6AC6-0D92-070000000000",
      "LogonId": "0x7920d",
      "TerminalSessionId": 1,
      "IntegrityLevel": "High",
      "Hashes": "SHA256=03745E9E21684C0E6D9FDC50D91CAA0935F4BAF50F626C11987AB7D6991D58D1,IMPHASH=291277373F6983EE05FFF2D2E7FD7868",
      "ParentProcessGuid": "1998A503-C984-6AC5-FB01-000000001300",
      "ParentProcessId": 9168,
      "ParentImage": "C:\\Program Files\\WindowsApps\\Microsoft.WindowsNotepad_11.2607.14.0_x64__8wekyb3d8bbwe\\Notepad\\Notepad.exe",
      "ParentCommandLine": "\"C:\\WINDOWS\\system32\\notepad.exe\" C:\\Users\\sapphros-admin\\Downloads\\BEC-Scenario-001\\Northstar_ACH_Update.txt ",
      "ParentUser": "WIN-TARGET-01\\sapphros-admin"
    }
  },
  {
    "timestamp": "2026-10-07T04:24:36.684028Z",
    "event_id": 12,
    "provider": "Microsoft-Windows-Sysmon",
    "computer": "WIN-TARGET-01",
    "data": {
      "RuleName": "persistence-services",
      "EventType": "CreateKey",
      "UtcTime": "2026-10-07 04:24:36.633",
      "ProcessGuid": "1998A503-0359-6AC6-EB03-000000000000",
      "ProcessId": 4,
      "Image": "System",
      "TargetObject": "HKLM\\System\\CurrentControlSet\\Services\\bam\\State\\UserSettings\\S-1-5-21-2620636624-428462497-3851630612-1001",
      "User": "NT AUTHORITY\\SYSTEM"
    }
  },
  {
    "timestamp": "2026-10-07T04:24:36.684078Z",
    "event_id": 13,
    "provider": "Microsoft-Windows-Sysmon",
    "computer": "WIN-TARGET-01",
    "data": {
      "RuleName": "persistence-services",
      "EventType": "SetValue",
      "UtcTime": "2026-10-07 04:24:36.633",
      "ProcessGuid": "1998A503-0359-6AC6-EB03-000000000000",
      "ProcessId": 4,
      "Image": "System",
      "TargetObject": "HKLM\\System\\CurrentControlSet\\Services\\bam\\State\\UserSettings\\S-1-5-21-2620636624-428462497-3851630612-1001\\Microsoft.WindowsNotepad_8wekyb3d8bbwe",
      "Details": "Binary Data",
      "User": "NT AUTHORITY\\SYSTEM"
    }
  },
  {
    "timestamp": "2026-10-07T04:24:36.689985Z",
    "event_id": 13,
    "provider": "Microsoft-Windows-Sysmon",
    "computer": "WIN-TARGET-01",
    "data": {
      "RuleName": "persistence-services",
      "EventType": "SetValue",
      "UtcTime": "2026-10-07 04:24:36.682",
      "ProcessGuid": "1998A503-0359-6AC6-EB03-000000000000",
      "ProcessId": 4,
      "Image": "System",
      "TargetObject": "HKLM\\System\\CurrentControlSet\\Services\\bam\\State\\UserSettings\\S-1-5-21-2620636624-428462497-3851630612-1001\\SequenceNumber",
      "Details": "DWORD (0x00000010)",
      "User": "NT AUTHORITY\\SYSTEM"
    }
  },
  {
    "timestamp": "2026-10-07T04:24:42.227120Z",
    "event_id": 3,
    "provider": "Microsoft-Windows-Sysmon",
    "computer": "WIN-TARGET-01",
    "data": {
      "RuleName": "-",
      "UtcTime": "2026-10-07 10:24:38.925",
      "ProcessGuid": "1998A503-03D8-6AC6-F900-000000001300",
      "ProcessId": 3576,
      "Image": "C:\\Windows\\System32\\svchost.exe",
      "User": "NT AUTHORITY\\NETWORK SERVICE",
      "Protocol": "tcp",
      "Initiated": true,
      "SourceIsIpv6": false,
      "SourceIp": "192.168.122.175",
      "SourceHostname": "-",
      "SourcePort": 52926,
      "SourcePortName": "-",
      "DestinationIsIpv6": false,
      "DestinationIp": "192.168.1.3",
      "DestinationHostname": "-",
      "DestinationPort": 7680,
      "DestinationPortName": "-"
    }
  },
  {
    "timestamp": "2026-10-07T04:24:47.692478Z",
    "event_id": 5,
    "provider": "Microsoft-Windows-Sysmon",
    "computer": "WIN-TARGET-01",
    "data": {
      "RuleName": "-",
      "UtcTime": "2026-10-07 04:24:47.689",
      "ProcessGuid": "1998A503-C984-6AC5-FB01-000000001300",
      "ProcessId": 9168,
      "Image": "C:\\Program Files\\WindowsApps\\Microsoft.WindowsNotepad_11.2607.14.0_x64__8wekyb3d8bbwe\\Notepad\\Notepad.exe",
      "User": "WIN-TARGET-01\\sapphros-admin"
    }
  },
  {
    "timestamp": "2026-10-07T04:24:47.695465Z",
    "event_id": 13,
    "provider": "Microsoft-Windows-Sysmon",
    "computer": "WIN-TARGET-01",
    "data": {
      "RuleName": "persistence-services",
      "EventType": "SetValue",
      "UtcTime": "2026-10-07 04:24:47.691",
      "ProcessGuid": "1998A503-C984-6AC5-FB01-000000001300",
      "ProcessId": 9168,
      "Image": "C:\\Program Files\\WindowsApps\\Microsoft.WindowsNotepad_11.2607.14.0_x64__8wekyb3d8bbwe\\Notepad\\Notepad.exe",
      "TargetObject": "HKLM\\System\\CurrentControlSet\\Services\\bam\\State\\UserSettings\\S-1-5-21-2620636624-428462497-3851630612-1001\\Microsoft.WindowsNotepad_8wekyb3d8bbwe",
      "Details": "Binary Data",
      "User": "WIN-TARGET-01\\sapphros-admin"
    }
  },
  {
    "timestamp": "2026-10-07T04:24:47.747487Z",
    "event_id": 5,
    "provider": "Microsoft-Windows-Sysmon",
    "computer": "WIN-TARGET-01",
    "data": {
      "RuleName": "-",
      "UtcTime": "2026-10-07 04:24:47.745",
      "ProcessGuid": "1998A503-C984-6AC5-FC01-000000001300",
      "ProcessId": 3268,
      "Image": "C:\\Program Files\\WindowsApps\\Microsoft.WindowsNotepad_11.2607.14.0_x64__8wekyb3d8bbwe\\Notepad\\Notepad.exe",
      "User": "WIN-TARGET-01\\sapphros-admin"
    }
  },
  {
    "timestamp": "2026-10-07T04:24:47.747780Z",
    "event_id": 13,
    "provider": "Microsoft-Windows-Sysmon",
    "computer": "WIN-TARGET-01",
    "data": {
      "RuleName": "persistence-services",
      "EventType": "SetValue",
      "UtcTime": "2026-10-07 04:24:47.747",
      "ProcessGuid": "1998A503-C984-6AC5-FC01-000000001300",
      "ProcessId": 3268,
      "Image": "C:\\Program Files\\WindowsApps\\Microsoft.WindowsNotepad_11.2607.14.0_x64__8wekyb3d8bbwe\\Notepad\\Notepad.exe",
      "TargetObject": "HKLM\\System\\CurrentControlSet\\Services\\bam\\State\\UserSettings\\S-1-5-21-2620636624-428462497-3851630612-1001\\Microsoft.WindowsNotepad_8wekyb3d8bbwe",
      "Details": "Binary Data",
      "User": "WIN-TARGET-01\\sapphros-admin"
    }
  },
  {
    "timestamp": "2026-10-07T04:25:22.369726Z",
    "event_id": 3,
    "provider": "Microsoft-Windows-Sysmon",
    "computer": "WIN-TARGET-01",
    "data": {
      "RuleName": "-",
      "UtcTime": "2026-10-07 10:25:18.945",
      "ProcessGuid": "1998A503-03D8-6AC6-F900-000000001300",
      "ProcessId": 3576,
      "Image": "C:\\Windows\\System32\\svchost.exe",
      "User": "NT AUTHORITY\\NETWORK SERVICE",
      "Protocol": "tcp",
      "Initiated": true,
      "SourceIsIpv6": false,
      "SourceIp": "192.168.122.175",
      "SourceHostname": "-",
      "SourcePort": 52927,
      "SourcePortName": "-",
      "DestinationIsIpv6": false,
      "DestinationIp": "192.168.1.3",
      "DestinationHostname": "-",
      "DestinationPort": 7680,
      "DestinationPortName": "-"
    }
  },
  {
    "timestamp": "2026-10-07T04:25:41.697671Z",
    "event_id": 5,
    "provider": "Microsoft-Windows-Sysmon",
    "computer": "WIN-TARGET-01",
    "data": {
      "RuleName": "-",
      "UtcTime": "2026-10-07 04:25:41.696",
      "ProcessGuid": "1998A503-C95B-6AC5-F301-000000001300",
      "ProcessId": 4056,
      "Image": "C:\\Windows\\System32\\SearchFilterHost.exe",
      "User": "NT AUTHORITY\\SYSTEM"
    }
  },
  {
    "timestamp": "2026-10-07T04:25:41.713646Z",
    "event_id": 5,
    "provider": "Microsoft-Windows-Sysmon",
    "computer": "WIN-TARGET-01",
    "data": {
      "RuleName": "-",
      "UtcTime": "2026-10-07 04:25:41.712",
      "ProcessGuid": "1998A503-C95B-6AC5-F401-000000001300",
      "ProcessId": 4204,
      "Image": "C:\\Windows\\System32\\SearchFilterHost.exe",
      "User": "NT AUTHORITY\\SYSTEM"
    }
  },
  {
    "timestamp": "2026-10-07T04:25:51.300286Z",
    "event_id": 5,
    "provider": "Microsoft-Windows-Sysmon",
    "computer": "WIN-TARGET-01",
    "data": {
      "RuleName": "-",
      "UtcTime": "2026-10-07 04:25:51.299",
      "ProcessGuid": "1998A503-C95B-6AC5-F201-000000001300",
      "ProcessId": 8684,
      "Image": "C:\\Windows\\System32\\SearchProtocolHost.exe",
      "User": "NT AUTHORITY\\SYSTEM"
    }
  },
  {
    "timestamp": "2026-10-07T04:25:58.363817Z",
    "event_id": 1,
    "provider": "Microsoft-Windows-Sysmon",
    "computer": "WIN-TARGET-01",
    "data": {
      "RuleName": "-",
      "UtcTime": "2026-10-07 04:25:58.359",
      "ProcessGuid": "1998A503-C9D6-6AC5-FD01-000000001300",
      "ProcessId": 10692,
      "Image": "C:\\Windows\\System32\\wermgr.exe",
      "FileVersion": "10.0.26100.9444 (WinBuild.160101.0800)",
      "Description": "Windows Problem Reporting",
      "Product": "Microsoft\u00ae Windows\u00ae Operating System",
      "Company": "Microsoft Corporation",
      "OriginalFileName": "WerMgr",
      "CommandLine": "\"C:\\WINDOWS\\system32\\wermgr.exe\" -upload",
      "CurrentDirectory": "C:\\WINDOWS\\system32\\",
      "User": "NT AUTHORITY\\SYSTEM",
      "LogonGuid": "1998A503-035C-6AC6-E703-000000000000",
      "LogonId": "0x3e7",
      "TerminalSessionId": 0,
      "IntegrityLevel": "System",
      "Hashes": "SHA256=C9B2E514C0378EB2D05F791E1034E7A6C704199FD05C5D56376852A6D410C056,IMPHASH=0663EFB87019D0AFFBAD3D2E9FE1CD61",
      "ParentProcessGuid": "00000000-0000-0000-0000-000000000000",
      "ParentProcessId": 1580,
      "ParentImage": "-",
      "ParentCommandLine": "-",
      "ParentUser": "-"
    }
  },
  {
    "timestamp": "2026-10-07T04:25:58.384596Z",
    "event_id": 11,
    "provider": "Microsoft-Windows-Sysmon",
    "computer": "WIN-TARGET-01",
    "data": {
      "RuleName": "staging-temp",
      "UtcTime": "2026-10-07 04:25:58.383",
      "ProcessGuid": "1998A503-C9D6-6AC5-FD01-000000001300",
      "ProcessId": 10692,
      "Image": "C:\\WINDOWS\\system32\\wermgr.exe",
      "TargetFilename": "C:\\ProgramData\\Microsoft\\Windows\\WER\\Temp\\d9fb00df-dbe6-4563-953e-42447a1e7de0",
      "CreationUtcTime": "2026-10-07 04:25:58.383",
      "User": "NT AUTHORITY\\SYSTEM"
    }
  },
  {
    "timestamp": "2026-10-07T04:25:58.388283Z",
    "event_id": 11,
    "provider": "Microsoft-Windows-Sysmon",
    "computer": "WIN-TARGET-01",
    "data": {
      "RuleName": "staging-temp",
      "UtcTime": "2026-10-07 04:25:58.387",
      "ProcessGuid": "1998A503-C9D6-6AC5-FD01-000000001300",
      "ProcessId": 10692,
      "Image": "C:\\WINDOWS\\system32\\wermgr.exe",
      "TargetFilename": "C:\\ProgramData\\Microsoft\\Windows\\WER\\Temp\\1e91404b-c83c-426a-b968-9b67b4eadaa3",
      "CreationUtcTime": "2026-10-07 04:25:58.387",
      "User": "NT AUTHORITY\\SYSTEM"
    }
  },
  {
    "timestamp": "2026-10-07T04:25:58.422500Z",
    "event_id": 5,
    "provider": "Microsoft-Windows-Sysmon",
    "computer": "WIN-TARGET-01",
    "data": {
      "RuleName": "-",
      "UtcTime": "2026-10-07 04:25:58.421",
      "ProcessGuid": "1998A503-C9D6-6AC5-FD01-000000001300",
      "ProcessId": 10692,
      "Image": "C:\\Windows\\System32\\wermgr.exe",
      "User": "NT AUTHORITY\\SYSTEM"
    }
  },
  {
    "timestamp": "2026-10-07T04:26:02.386084Z",
    "event_id": 3,
    "provider": "Microsoft-Windows-Sysmon",
    "computer": "WIN-TARGET-01",
    "data": {
      "RuleName": "-",
      "UtcTime": "2026-10-07 10:25:58.961",
      "ProcessGuid": "1998A503-03D8-6AC6-F900-000000001300",
      "ProcessId": 3576,
      "Image": "C:\\Windows\\System32\\svchost.exe",
      "User": "NT AUTHORITY\\NETWORK SERVICE",
      "Protocol": "tcp",
      "Initiated": true,
      "SourceIsIpv6": false,
      "SourceIp": "192.168.122.175",
      "SourceHostname": "-",
      "SourcePort": 52928,
      "SourcePortName": "-",
      "DestinationIsIpv6": false,
      "DestinationIp": "192.168.1.3",
      "DestinationHostname": "-",
      "DestinationPort": 7680,
      "DestinationPortName": "-"
    }
  }
]